<?xml version="1.0" encoding="UTF-8"?>
<!-- Generated by org.testng.reporters.JUnitReportReporter -->
<testsuite hostname="rekha" failures="0" tests="2" name="NewTest" time="0.008" errors="0" timestamp="2024-01-31T12:47:29 IST" skipped="0">
  <testcase classname="NewTest" name="f" time="0.003"/>
  <testcase classname="NewTest" name="f" time="0.005"/>
</testsuite> <!-- NewTest -->
